<?xml version="1.0" encoding="UTF-8"?>
<testsuite xmlns:xsi="http://www.w3.org/2001/XMLSchema-instance" xsi:noNamespaceSchemaLocation="https://maven.apache.org/surefire/maven-surefire-plugin/xsd/surefire-test-report-3.0.xsd" version="3.0" name="AppTest" time="8.468" tests="24" errors="0" skipped="0" failures="0">
  <properties>
[...]
</properties>
  <testcase name="testEarthquakeTriggerAboveThreshold" classname="AppTest" time="0.032">
    <system-out><![CDATA[🚨 Setting up Emergency Alert System Tests
]]></system-out>
  </testcase>
  <testcase name="testEarthquakeTriggerBelowThreshold" classname="AppTest" time="0.002"/>
  <testcase name="testFireTrigger" classname="AppTest" time="0.001"/>
  <testcase name="testFireTriggerBelowThreshold" classname="AppTest" time="0.004"/>
  <testcase name="testFloodTrigger" classname="AppTest" time="0.002"/>
  <testcase name="testHurricaneTrigger" classname="AppTest" time="0.002"/>
  <testcase name="testTsunamiTrigger" classname="AppTest" time="0.001"/>
  <testcase name="testCyberAttackTrigger" classname="AppTest" time="0.001"/>
  <testcase name="testNullParameters" classname="AppTest" time="0.001"/>
  <testcase name="testEarthquakeSeverityCritical" classname="AppTest" time="0.011"/>
  <testcase name="testEarthquakeSeverityHigh" classname="AppTest" time="0.003"/>
  <testcase name="testFireSeverityCritical" classname="AppTest" time="0.002"/>
  <testcase name="testHurricaneSeverityCritical" classname="AppTest" time="0.001"/>
  <testcase name="testAlertGenerationValid" classname="AppTest" time="0.109">
    <system-out><![CDATA[
✅ ALERT GENERATED: [2026-04-01 17:00:53] EARTHQUAKE - Test Earthquake: Test message (Severity: HIGH, Location: Test Location)
   Recipients: 4 contacts
]]></system-out>
  </testcase>
  <testcase name="testAlertGenerationInvalid" classname="AppTest" time="0.003">
    <system-out><![CDATA[Conditions not met for alert: EARTHQUAKE
]]></system-out>
  </testcase>
  <testcase name="testAlertHistoryTracking" classname="AppTest" time="0.004">
    <system-out><![CDATA[
✅ ALERT GENERATED: [2026-04-01 17:00:53] EARTHQUAKE - Test: Message (Severity: HIGH, Location: Location)
   Recipients: 4 contacts
]]></system-out>
  </testcase>
  <testcase name="testPerfectNotificationReliability" classname="AppTest" time="0.022">
    <system-out><![CDATA[  🔔 PUSH sent to test@example.com: Test
  📧 EMAIL sent to test@example.com: Test
  🚨 SIREN activated at test@example.com for FIRE
  📱 SMS sent to test@example.com: Test

📊 Notification Summary for Alert 91a442df:
   Success rate: 100.0%
]]></system-out>
  </testcase>
  <testcase name="testNotificationRetryMechanism" classname="AppTest" time="6.031">
    <system-out><![CDATA[  🚨 SIREN activated at test@example.com for FIRE

📊 Notification Summary for Alert e020ad7a:
   Success rate: 25.0%
]]></system-out>
    <system-err><![CDATA[  ❌ PUSH failed to test@example.com
  ❌ EMAIL failed to test@example.com
  ❌ SMS failed to test@example.com
  ❌ EMAIL failed to test@example.com
  ❌ SMS failed to test@example.com
  ❌ PUSH failed to test@example.com
  ❌ EMAIL failed to test@example.com
  ❌ SMS failed to test@example.com
  ❌ PUSH failed to test@example.com
]]></system-err>
  </testcase>
  <testcase name="testMultipleRecipientsNotification" classname="AppTest" time="0.008">
    <system-out><![CDATA[  📱 SMS sent to recipient1@test.com: Test
  📧 EMAIL sent to recipient1@test.com: Test
  🔔 PUSH sent to recipient1@test.com: Test
  🔔 PUSH sent to +1-555-0001: Test
  🚨 SIREN activated at recipient1@test.com for EARTHQUAKE
  📱 SMS sent to recipient2@test.com: Test
  🚨 SIREN activated at +1-555-0001 for EARTHQUAKE
  📱 SMS sent to +1-555-0001: Test
  🚨 SIREN activated at recipient2@test.com for EARTHQUAKE
  🔔 PUSH sent to recipient2@test.com: Test
  📧 EMAIL sent to +1-555-0001: Test
  📧 EMAIL sent to recipient2@test.com: Test

📊 Notification Summary for Alert 2f4e7bee:
   Success rate: 100.0%
]]></system-out>
  </testcase>
  <testcase name="testEndToEndAlertFlow" classname="AppTest" time="1.071">
    <system-out><![CDATA[
✅ ALERT GENERATED: [2026-04-01 17:00:59] EARTHQUAKE - E2E Test Earthquake: Testing full flow (Severity: HIGH, Location: Test City)
   Recipients: 4 contacts
  📱 SMS sent to 911-dispatch@testcity.gov: E2E Test Earthquake
  📧 EMAIL sent to 911-dispatch@testcity.gov: E2E Test Earthquake
  🚨 SIREN activated at 911-dispatch@testcity.gov for EARTHQUAKE
  🚨 SIREN activated at +1-800-EMERGENCY for EARTHQUAKE
  🚨 SIREN activated at local-authorities@testcity.gov for EARTHQUAKE
  🔔 PUSH sent to local-authorities@testcity.gov: E2E Test Earthquake
  📧 EMAIL sent to emergency-services@response.gov: E2E Test Earthquake
  📱 SMS sent to emergency-services@response.gov: E2E Test Earthquake
  📱 SMS sent to +1-800-EMERGENCY: E2E Test Earthquake
  🚨 SIREN activated at emergency-services@response.gov for EARTHQUAKE
  🔔 PUSH sent to emergency-services@response.gov: E2E Test Earthquake
  📧 EMAIL sent to +1-800-EMERGENCY: E2E Test Earthquake
  📧 EMAIL sent to local-authorities@testcity.gov: E2E Test Earthquake
  📱 SMS sent to local-authorities@testcity.gov: E2E Test Earthquake
  🔔 PUSH sent to 911-dispatch@testcity.gov: E2E Test Earthquake
  🔔 PUSH sent to +1-800-EMERGENCY: E2E Test Earthquake

📊 Notification Summary for Alert df8f54b8:
   Success rate: 100.0%
   Successful notifications: 16/16
Emergency Alert System shutdown complete
]]></system-out>
    <system-err><![CDATA[  ❌ PUSH failed to 911-dispatch@testcity.gov
  ❌ PUSH failed to +1-800-EMERGENCY
]]></system-err>
  </testcase>
  <testcase name="testAlertCancellation" classname="AppTest" time="1.025">
    <system-out><![CDATA[
✅ ALERT GENERATED: [2026-04-01 17:01:01] EARTHQUAKE - Cancellable Alert: This alert will be cancelled (Severity: HIGH, Location: Test City)
   Recipients: 4 contacts
  📧 EMAIL sent to 911-dispatch@testcity.gov: Cancellable Alert
  📱 SMS sent to 911-dispatch@testcity.gov: Cancellable Alert
  🔔 PUSH sent to 911-dispatch@testcity.gov: Cancellable Alert
  🔔 PUSH sent to local-authorities@testcity.gov: Cancellable Alert
  📧 EMAIL sent to emergency-services@response.gov: Cancellable Alert
  🚨 SIREN activated at local-authorities@testcity.gov for EARTHQUAKE
  🔔 PUSH sent to emergency-services@response.gov: Cancellable Alert
  📱 SMS sent to emergency-services@response.gov: Cancellable Alert
  🚨 SIREN activated at emergency-services@response.gov for EARTHQUAKE
  🚨 SIREN activated at 911-dispatch@testcity.gov for EARTHQUAKE
  📧 EMAIL sent to +1-800-EMERGENCY: Cancellable Alert
  📧 EMAIL sent to local-authorities@testcity.gov: Cancellable Alert
  🚨 SIREN activated at +1-800-EMERGENCY for EARTHQUAKE
  📱 SMS sent to +1-800-EMERGENCY: Cancellable Alert
  🔔 PUSH sent to +1-800-EMERGENCY: Cancellable Alert
  📱 SMS sent to local-authorities@testcity.gov: Cancellable Alert

📊 Notification Summary for Alert 78f075a0:
   Success rate: 100.0%
   Successful notifications: 16/16
❌ Alert 78f075a0 has been CANCELLED
Emergency Alert System shutdown complete
]]></system-out>
    <system-err><![CDATA[  ❌ SMS failed to local-authorities@testcity.gov
]]></system-err>
  </testcase>
  <testcase name="testAlertUniqueId" classname="AppTest" time="0.005"/>
  <testcase name="testRecipientsBySeverity" classname="AppTest" time="0.002">
    <system-out><![CDATA[
✅ ALERT GENERATED: [2026-04-01 17:01:02] EARTHQUAKE - Critical: Msg (Severity: CRITICAL, Location: City)
   Recipients: 8 contacts

✅ ALERT GENERATED: [2026-04-01 17:01:02] EARTHQUAKE - Low: Msg (Severity: MEDIUM, Location: City)
   Recipients: 3 contacts
]]></system-out>
  </testcase>
  <testcase name="testConcurrentAlertGeneration" classname="AppTest" time="0.008">
    <system-out><![CDATA[
✅ ALERT GENERATED: [2026-04-01 17:01:02] EARTHQUAKE - Concurrent Test: Concurrent message (Severity: HIGH, Location: City)
   Recipients: 4 contacts

✅ ALERT GENERATED: [2026-04-01 17:01:02] EARTHQUAKE - Concurrent Test: Concurrent message (Severity: HIGH, Location: City)

✅ ALERT GENERATED: [2026-04-01 17:01:02] EARTHQUAKE - Concurrent Test: Concurrent message (Severity: HIGH, Location: City)
   Recipients: 4 contacts
   Recipients: 4 contacts

✅ ALERT GENERATED: [2026-04-01 17:01:02] EARTHQUAKE - Concurrent Test: Concurrent message (Severity: HIGH, Location: City)
   Recipients: 4 contacts

✅ ALERT GENERATED: [2026-04-01 17:01:02] EARTHQUAKE - Concurrent Test: Concurrent message (Severity: HIGH, Location: City)
   Recipients: 4 contacts
]]></system-out>
  </testcase>
</testsuite>