<?xml version="1.0" encoding="UTF-8"?>
<testsuite xmlns:xsi="http://www.w3.org/2001/XMLSchema-instance" xsi:noNamespaceSchemaLocation="https://maven.apache.org/surefire/maven-surefire-plugin/xsd/surefire-test-report-3.0.xsd" version="3.0" name="AppTest" time="8.305" tests="24" errors="0" skipped="0" failures="0">
  <properties>
[...]
</properties>
  <testcase name="testEarthquakeTriggerAboveThreshold" classname="AppTest" time="0.023">
    <system-out><![CDATA[🚨 Setting up Emergency Alert System Tests
]]></system-out>
  </testcase>
  <testcase name="testEarthquakeTriggerBelowThreshold" classname="AppTest" time="0.001"/>
  <testcase name="testFireTrigger" classname="AppTest" time="0.002"/>
  <testcase name="testFireTriggerBelowThreshold" classname="AppTest" time="0.001"/>
  <testcase name="testFloodTrigger" classname="AppTest" time="0.002"/>
  <testcase name="testHurricaneTrigger" classname="AppTest" time="0.001"/>
  <testcase name="testTsunamiTrigger" classname="AppTest" time="0.001"/>
  <testcase name="testCyberAttackTrigger" classname="AppTest" time="0.001"/>
  <testcase name="testNullParameters" classname="AppTest" time="0.001"/>
  <testcase name="testEarthquakeSeverityCritical" classname="AppTest" time="0.003"/>
  <testcase name="testEarthquakeSeverityHigh" classname="AppTest" time="0.001"/>
  <testcase name="testFireSeverityCritical" classname="AppTest" time="0.001"/>
  <testcase name="testHurricaneSeverityCritical" classname="AppTest" time="0.001"/>
  <testcase name="testAlertGenerationValid" classname="AppTest" time="0.081">
    <system-out><![CDATA[
✅ ALERT GENERATED: [2026-03-29 15:31:35] EARTHQUAKE - Test Earthquake: Test message (Severity: HIGH, Location: Test Location)
   Recipients: 4 contacts
]]></system-out>
  </testcase>
  <testcase name="testAlertGenerationInvalid" classname="AppTest" time="0.002">
    <system-out><![CDATA[Conditions not met for alert: EARTHQUAKE
]]></system-out>
  </testcase>
  <testcase name="testAlertHistoryTracking" classname="AppTest" time="0.002">
    <system-out><![CDATA[
✅ ALERT GENERATED: [2026-03-29 15:31:35] EARTHQUAKE - Test: Message (Severity: HIGH, Location: Location)
   Recipients: 4 contacts
]]></system-out>
  </testcase>
  <testcase name="testPerfectNotificationReliability" classname="AppTest" time="0.009">
    <system-out><![CDATA[  🔔 PUSH sent to test@example.com: Test
  📱 SMS sent to test@example.com: Test
  🚨 SIREN activated at test@example.com for FIRE
  📧 EMAIL sent to test@example.com: Test

📊 Notification Summary for Alert e87883ff:
   Success rate: 100.0%
]]></system-out>
  </testcase>
  <testcase name="testNotificationRetryMechanism" classname="AppTest" time="6.027">
    <system-out><![CDATA[  🚨 SIREN activated at test@example.com for FIRE

📊 Notification Summary for Alert cef6ba59:
   Success rate: 25.0%
]]></system-out>
    <system-err><![CDATA[  ❌ EMAIL failed to test@example.com
  ❌ SMS failed to test@example.com
  ❌ PUSH failed to test@example.com
  ❌ EMAIL failed to test@example.com
  ❌ PUSH failed to test@example.com
  ❌ SMS failed to test@example.com
  ❌ PUSH failed to test@example.com
  ❌ EMAIL failed to test@example.com
  ❌ SMS failed to test@example.com
]]></system-err>
  </testcase>
  <testcase name="testMultipleRecipientsNotification" classname="AppTest" time="0.006">
    <system-out><![CDATA[  📧 EMAIL sent to recipient1@test.com: Test
  📱 SMS sent to recipient1@test.com: Test
  🔔 PUSH sent to recipient1@test.com: Test
  🚨 SIREN activated at recipient1@test.com for EARTHQUAKE
  📱 SMS sent to recipient2@test.com: Test
  📧 EMAIL sent to recipient2@test.com: Test
  🔔 PUSH sent to recipient2@test.com: Test
  🚨 SIREN activated at recipient2@test.com for EARTHQUAKE
  🚨 SIREN activated at +1-555-0001 for EARTHQUAKE
  🔔 PUSH sent to +1-555-0001: Test
  📱 SMS sent to +1-555-0001: Test
  📧 EMAIL sent to +1-555-0001: Test

📊 Notification Summary for Alert 31534509:
   Success rate: 100.0%
]]></system-out>
  </testcase>
  <testcase name="testEndToEndAlertFlow" classname="AppTest" time="1.031">
    <system-out><![CDATA[
✅ ALERT GENERATED: [2026-03-29 15:31:41] EARTHQUAKE - E2E Test Earthquake: Testing full flow (Severity: HIGH, Location: Test City)
   Recipients: 4 contacts
  📧 EMAIL sent to 911-dispatch@testcity.gov: E2E Test Earthquake
  📱 SMS sent to 911-dispatch@testcity.gov: E2E Test Earthquake
  🚨 SIREN activated at 911-dispatch@testcity.gov for EARTHQUAKE
  🔔 PUSH sent to 911-dispatch@testcity.gov: E2E Test Earthquake
  🚨 SIREN activated at local-authorities@testcity.gov for EARTHQUAKE
  📧 EMAIL sent to emergency-services@response.gov: E2E Test Earthquake
  📱 SMS sent to emergency-services@response.gov: E2E Test Earthquake
  🔔 PUSH sent to emergency-services@response.gov: E2E Test Earthquake
  🚨 SIREN activated at emergency-services@response.gov for EARTHQUAKE
  📧 EMAIL sent to +1-800-EMERGENCY: E2E Test Earthquake
  📱 SMS sent to +1-800-EMERGENCY: E2E Test Earthquake
  🔔 PUSH sent to +1-800-EMERGENCY: E2E Test Earthquake
  🚨 SIREN activated at +1-800-EMERGENCY for EARTHQUAKE
  📧 EMAIL sent to local-authorities@testcity.gov: E2E Test Earthquake
  📱 SMS sent to local-authorities@testcity.gov: E2E Test Earthquake
  🔔 PUSH sent to local-authorities@testcity.gov: E2E Test Earthquake

📊 Notification Summary for Alert 32aeb669:
   Success rate: 100.0%
   Successful notifications: 16/16
Emergency Alert System shutdown complete
]]></system-out>
    <system-err><![CDATA[  ❌ PUSH failed to local-authorities@testcity.gov
]]></system-err>
  </testcase>
  <testcase name="testAlertCancellation" classname="AppTest" time="1.016">
    <system-out><![CDATA[
✅ ALERT GENERATED: [2026-03-29 15:31:42] EARTHQUAKE - Cancellable Alert: This alert will be cancelled (Severity: HIGH, Location: Test City)
   Recipients: 4 contacts
  📧 EMAIL sent to 911-dispatch@testcity.gov: Cancellable Alert
  📱 SMS sent to 911-dispatch@testcity.gov: Cancellable Alert
  🔔 PUSH sent to 911-dispatch@testcity.gov: Cancellable Alert
  📧 EMAIL sent to +1-800-EMERGENCY: Cancellable Alert
  🚨 SIREN activated at 911-dispatch@testcity.gov for EARTHQUAKE
  🚨 SIREN activated at local-authorities@testcity.gov for EARTHQUAKE
  🔔 PUSH sent to local-authorities@testcity.gov: Cancellable Alert
  📧 EMAIL sent to emergency-services@response.gov: Cancellable Alert
  🔔 PUSH sent to emergency-services@response.gov: Cancellable Alert
  📱 SMS sent to +1-800-EMERGENCY: Cancellable Alert
  🚨 SIREN activated at emergency-services@response.gov for EARTHQUAKE
  📱 SMS sent to emergency-services@response.gov: Cancellable Alert
  🔔 PUSH sent to +1-800-EMERGENCY: Cancellable Alert
  🚨 SIREN activated at +1-800-EMERGENCY for EARTHQUAKE
  📱 SMS sent to local-authorities@testcity.gov: Cancellable Alert
  📧 EMAIL sent to local-authorities@testcity.gov: Cancellable Alert

📊 Notification Summary for Alert 4ef03f82:
   Success rate: 100.0%
   Successful notifications: 16/16
❌ Alert 4ef03f82 has been CANCELLED
Emergency Alert System shutdown complete
]]></system-out>
    <system-err><![CDATA[  ❌ EMAIL failed to local-authorities@testcity.gov
]]></system-err>
  </testcase>
  <testcase name="testAlertUniqueId" classname="AppTest" time="0.003"/>
  <testcase name="testRecipientsBySeverity" classname="AppTest" time="0.003">
    <system-out><![CDATA[
✅ ALERT GENERATED: [2026-03-29 15:31:43] EARTHQUAKE - Critical: Msg (Severity: CRITICAL, Location: City)
   Recipients: 8 contacts

✅ ALERT GENERATED: [2026-03-29 15:31:43] EARTHQUAKE - Low: Msg (Severity: MEDIUM, Location: City)
   Recipients: 3 contacts
]]></system-out>
  </testcase>
  <testcase name="testConcurrentAlertGeneration" classname="AppTest" time="0.009">
    <system-out><![CDATA[
✅ ALERT GENERATED: [2026-03-29 15:31:43] EARTHQUAKE - Concurrent Test: Concurrent message (Severity: HIGH, Location: City)

✅ ALERT GENERATED: [2026-03-29 15:31:43] EARTHQUAKE - Concurrent Test: Concurrent message (Severity: HIGH, Location: City)
   Recipients: 4 contacts
   Recipients: 4 contacts

✅ ALERT GENERATED: [2026-03-29 15:31:43] EARTHQUAKE - Concurrent Test: Concurrent message (Severity: HIGH, Location: City)

✅ ALERT GENERATED: [2026-03-29 15:31:43] EARTHQUAKE - Concurrent Test: Concurrent message (Severity: HIGH, Location: City)
   Recipients: 4 contacts
   Recipients: 4 contacts

✅ ALERT GENERATED: [2026-03-29 15:31:43] EARTHQUAKE - Concurrent Test: Concurrent message (Severity: HIGH, Location: City)
   Recipients: 4 contacts
]]></system-out>
  </testcase>
</testsuite>